Start testing: Jul 09 00:08 UTC
----------------------------------------------------------
1/5 Testing: parser
1/5 Test: parser
Command: "/home/pcsdocker/Data/PCS_2026/Progetto/build/test_parser"
Directory: /home/pcsdocker/Data/PCS_2026/Progetto/build
"parser" start time: Jul 09 00:08 UTC
Output:
----------------------------------------------------------
[OK]: test_parse_traccia

[OK]: test_parse_righe_vuote

[OK]: test_parse_spazi_multipli

[OK]: test_parse_minuscolo

[OK] test_parse_file_vuoto

[OK] test_parse_file_solo_whitespace

[OK] test_parse_nodo_decimale_esatto

Avviso alla riga 1: WARNING: trovati campi in eccesso dopo i 4 attesi: verranno considerati solo i primi 4
Riga: R1 10 1 2 EXTRA1 EXTRA2
[OK] test_warning_token_in_eccesso

Avviso alla riga 1: WARNING: resistenza negativa, scelto il valore assoluto
Riga: R1 -15.5 1 2
[OK] test_warning_resistenza_negativa

Avviso alla riga 2: WARNING: nome componente già presente, questa riga viene ignorata e si mantiene la prima occorrenza
Riga: R1 20 3 4
[OK] test_warning_nome_duplicato

Avviso alla riga 2: WARNING: è già presente un componente sullo stesso arco. NON sono ammessi componenti in parallelo. La riga viene ignorata
Riga: V1 30 1 2
[OK] test_warning_componenti_paralleli

Avviso alla riga 2: WARNING: è già presente un componente sullo stesso arco. NON sono ammessi componenti in parallelo. La riga viene ignorata
Riga: V1 30 2 1
[OK] test_warning_paralleli_nodi_invertiti

Errore nella riga 1: ERRORE: attesi 4 campi (NOME VALORE NODO1 NODO2)
Riga: R1 10 1
[OK] test_error_riga_malformata

Errore nella riga 1: ERRORE: attesi 4 campi (NOME VALORE NODO1 NODO2)
Riga: R1 20a 1 2
[OK] test_error_battitura_numero

Errore nella riga 1: ERRORE: tipo componente sconosciuto: prefisso atteso 'R' o 'V', trovatoX
Riga: X1 10 1 2
[OK] test_error_tipo_sconosciuto

Errore nella riga 1: ERRORE: i due nodi del componente coincidono
Riga: R1 10 2 2
[OK] test_error_nodi_uguali

Errore nella riga 1: ERRORE: nodo non valido, sono ammessi solo valori positivi
Riga: R1 10 0 2
Errore nella riga 1: ERRORE: nodo non valido, sono ammessi solo valori positivi
Riga: R1 10 1 -3
[OK] test_error_nodo_non_positivo

Errore nella riga 1: ERRORE: resistenza pari a zero non ammessa
Riga: R1 0 1 2
[OK] test_error_resistenza_zero

ERRORE: impossibile aprire il file __file_che_non_esiste_12345__.txt
[OK] test_error_file_inesistente

Errore nella riga 1: ERRORE: il nodo n1 inserito come decimale non è riconducibile a un intero
Riga: R1 10 1.5 2
[OK] test_error_nodo_decimale


Tutti i test del parser sono passati.
<end of output>
Test time =   0.01 sec
----------------------------------------------------------
Test Passed.
"parser" end time: Jul 09 00:08 UTC
"parser" time elapsed: 00:00:00
----------------------------------------------------------

2/5 Testing: graph
2/5 Test: graph
Command: "/home/pcsdocker/Data/PCS_2026/Progetto/build/test_graph"
Directory: /home/pcsdocker/Data/PCS_2026/Progetto
"graph" start time: Jul 09 00:08 UTC
Output:
----------------------------------------------------------
[OK] test_grafo_dim
[OK] test_grafo_tipologia
[OK] test_grafo_valori
[OK] test_grafo_nomi
[OK] test_grafo_verso_positivo

Tutti i test del grafo sono passati.
<end of output>
Test time =   0.00 sec
----------------------------------------------------------
Test Passed.
"graph" end time: Jul 09 00:08 UTC
"graph" time elapsed: 00:00:00
----------------------------------------------------------

3/5 Testing: depina
3/5 Test: depina
Command: "/home/pcsdocker/Data/PCS_2026/Progetto/build/test_de_pina"
Directory: /home/pcsdocker/Data/PCS_2026/Progetto/build
"depina" start time: Jul 09 00:08 UTC
Output:
----------------------------------------------------------
Test su albero riuscito
Test su grafo con cicli riuscito
Test su grafo con un ciclo solo riuscito
<end of output>
Test time =   0.00 sec
----------------------------------------------------------
Test Passed.
"depina" end time: Jul 09 00:08 UTC
"depina" time elapsed: 00:00:00
----------------------------------------------------------

4/5 Testing: cycles_dfs
4/5 Test: cycles_dfs
Command: "/home/pcsdocker/Data/PCS_2026/Progetto/build/test_cycles_DFS"
Directory: /home/pcsdocker/Data/PCS_2026/Progetto/build
"cycles_dfs" start time: Jul 09 00:08 UTC
Output:
----------------------------------------------------------
[OK] test_cicli_dfs_albero
[OK] test_cicli_dfs_numero
[OK] test_cicli_dfs_validita
[OK] test_cicli_dfs_indipendenza

Tutti i test sui cicli DFS sono passati.
<end of output>
Test time =   0.00 sec
----------------------------------------------------------
Test Passed.
"cycles_dfs" end time: Jul 09 00:08 UTC
"cycles_dfs" time elapsed: 00:00:00
----------------------------------------------------------

5/5 Testing: solve
5/5 Test: solve
Command: "/home/pcsdocker/Data/PCS_2026/Progetto/build/test_solve"
Directory: /home/pcsdocker/Data/PCS_2026/Progetto
"solve" start time: Jul 09 00:08 UTC
Output:
----------------------------------------------------------
[OK] test_solve_dfs
[OK] test_solve_depina

Tutti i test del solver sono passati.
<end of output>
Test time =   0.00 sec
----------------------------------------------------------
Test Passed.
"solve" end time: Jul 09 00:08 UTC
"solve" time elapsed: 00:00:00
----------------------------------------------------------

End testing: Jul 09 00:08 UTC
